2026-03-12T05:29:15.227Z [WS] Disconnected: fFAkfXUd:_global (0 remaining)
2026-03-12T05:29:15.570Z [WS] Connected: fFAkfXUd:_global (1 clients)
2026-03-12T05:29:15.614Z [API] GET /s/fFAkfXUd/api/devices
2026-03-12T05:29:34.550Z [WS] Connected: 8GouP4cp:_global (1 clients)
2026-03-12T05:29:34.567Z [WS] Disconnected: fFAkfXUd:_global (0 remaining)
2026-03-12T05:29:34.625Z [API] GET /s/8GouP4cp/api/devices
2026-03-12T05:29:34.956Z [API] GET /s/8GouP4cp/api/devices/dashboard/content
2026-03-12T05:29:35.057Z [API] GET /s/8GouP4cp/api/devices/live-test/content
2026-03-12T05:29:37.552Z [WS] Connected: 8GouP4cp:dashboard (1 clients)
2026-03-12T05:29:37.596Z [API] GET /s/8GouP4cp/api/devices/dashboard/content
2026-03-12T05:29:38.727Z [WS] Disconnected: 8GouP4cp:dashboard (0 remaining)
2026-03-12T05:29:38.734Z [WS] Connected: 8GouP4cp:live-test (1 clients)
2026-03-12T05:29:38.773Z [API] GET /s/8GouP4cp/api/devices/live-test/content
2026-03-12T05:29:42.138Z [API] GET /s/8GouP4cp/api/devices
2026-03-12T05:29:54.325Z [API] POST /s/8GouP4cp/api/devices/dashboard/content
2026-03-12T05:29:54.462Z [WS] Broadcast 8GouP4cp:dashboard: content → 0 clients
2026-03-12T05:29:54.463Z [WS] Broadcast 8GouP4cp:_global: content_updated → 1 clients
2026-03-12T05:29:54.470Z [WS] Disconnected: 8GouP4cp:live-test (0 remaining)
2026-03-12T05:29:54.476Z [WS] Connected: 8GouP4cp:dashboard (1 clients)
2026-03-12T05:29:54.520Z [API] GET /s/8GouP4cp/api/devices/dashboard/content
2026-03-12T05:30:31.085Z [API] POST /s/8GouP4cp/api/devices/dashboard/content
2026-03-12T05:30:31.196Z [WS] Broadcast 8GouP4cp:dashboard: content → 1 clients
2026-03-12T05:30:31.197Z [WS] Broadcast 8GouP4cp:_global: content_updated → 1 clients
2026-03-12T05:30:31.227Z [WS] Disconnected: 8GouP4cp:dashboard (0 remaining)
2026-03-12T05:30:31.242Z [WS] Connected: 8GouP4cp:dashboard (1 clients)
2026-03-12T05:30:31.285Z [API] GET /s/8GouP4cp/api/devices/dashboard/content
2026-03-12T05:30:32.241Z [WS] Connected: 8GouP4cp:dashboard (2 clients)
2026-03-12T05:31:07.453Z [WS] Disconnected: 8GouP4cp:dashboard (1 remaining)
2026-03-12T05:31:07.497Z [API] GET /s/8GouP4cp/api/devices/dashboard/content
2026-03-12T05:31:07.601Z [API] GET /s/8GouP4cp/api/devices/live-test/content
2026-03-12T05:31:09.695Z [WS] Connected: 8GouP4cp:dashboard (2 clients)
2026-03-12T05:31:09.738Z [API] GET /s/8GouP4cp/api/devices/dashboard/content
2026-03-12T05:31:26.015Z [API] DELETE /s/8GouP4cp/api/devices/dashboard
2026-03-12T05:31:26.055Z [WS] Broadcast 8GouP4cp:dashboard: clear → 2 clients
2026-03-12T05:31:26.058Z [WS] Broadcast 8GouP4cp:_global: device_deleted → 1 clients
2026-03-12T05:31:26.124Z [API] GET /s/8GouP4cp/api/devices
2026-03-12T05:31:26.168Z [WS] Disconnected: 8GouP4cp:dashboard (1 remaining)
2026-03-12T05:31:26.206Z [API] GET /s/8GouP4cp/api/devices/live-test/content
2026-03-12T05:31:26.241Z [API] DELETE /s/8GouP4cp/api/devices/live-test
2026-03-12T05:31:26.421Z [WS] Broadcast 8GouP4cp:live-test: clear → 0 clients
2026-03-12T05:31:26.439Z [WS] Broadcast 8GouP4cp:_global: device_deleted → 1 clients
2026-03-12T05:31:26.499Z [API] GET /s/8GouP4cp/api/devices
2026-03-12T05:31:49.490Z [API] POST /s/8GouP4cp/api/devices
2026-03-12T05:31:49.620Z [WS] Broadcast 8GouP4cp:_global: device_created → 1 clients
2026-03-12T05:31:49.664Z [API] GET /s/8GouP4cp/api/devices
2026-03-12T05:31:49.720Z [WS] Connected: 8GouP4cp:tasks (1 clients)
2026-03-12T05:31:49.767Z [API] GET /s/8GouP4cp/api/devices/tasks/content
2026-03-12T05:31:50.771Z [API] POST /s/8GouP4cp/api/devices/tasks/content
2026-03-12T05:31:50.917Z [WS] Broadcast 8GouP4cp:tasks: content → 1 clients
2026-03-12T05:31:50.919Z [WS] Broadcast 8GouP4cp:_global: content_updated → 1 clients
2026-03-12T05:31:50.924Z [WS] Disconnected: 8GouP4cp:tasks (0 remaining)
2026-03-12T05:31:50.927Z [WS] Connected: 8GouP4cp:tasks (1 clients)
2026-03-12T05:31:50.975Z [API] GET /s/8GouP4cp/api/devices/tasks/content
2026-03-12T05:31:51.931Z [WS] Connected: 8GouP4cp:tasks (2 clients)
2026-03-12T05:32:04.768Z [API] POST /s/8GouP4cp/api/devices
2026-03-12T05:32:04.881Z [WS] Broadcast 8GouP4cp:_global: device_created → 1 clients
2026-03-12T05:32:04.923Z [API] GET /s/8GouP4cp/api/devices
2026-03-12T05:32:04.977Z [WS] Disconnected: 8GouP4cp:tasks (1 remaining)
2026-03-12T05:32:04.983Z [WS] Connected: 8GouP4cp:photo (1 clients)
2026-03-12T05:32:05.025Z [API] GET /s/8GouP4cp/api/devices/photo/content
2026-03-12T05:32:06.058Z [API] POST /s/8GouP4cp/api/devices/photo/content
2026-03-12T05:32:06.170Z [WS] Broadcast 8GouP4cp:photo: content → 1 clients
2026-03-12T05:32:06.171Z [WS] Broadcast 8GouP4cp:_global: content_updated → 1 clients
2026-03-12T05:32:06.183Z [WS] Disconnected: 8GouP4cp:photo (0 remaining)
2026-03-12T05:32:06.195Z [WS] Connected: 8GouP4cp:photo (1 clients)
2026-03-12T05:32:06.239Z [API] GET /s/8GouP4cp/api/devices/photo/content
2026-03-12T05:32:07.197Z [WS] Connected: 8GouP4cp:photo (2 clients)
2026-03-12T05:33:31.191Z [WS] Disconnected: 8GouP4cp:photo (1 remaining)
2026-03-12T05:33:31.241Z [API] GET /s/8GouP4cp/api/devices/tasks/content
2026-03-12T05:33:31.339Z [API] GET /s/8GouP4cp/api/devices/photo/content
2026-03-12T05:33:39.071Z [WS] Disconnected: 8GouP4cp:_global (0 remaining)
2026-03-12T05:33:39.084Z [WS] Disconnected: 8GouP4cp:photo (0 remaining)
2026-03-12T05:33:39.085Z [WS] Disconnected: 8GouP4cp:tasks (0 remaining)
2026-03-12T05:33:39.087Z [WS] Disconnected: 8GouP4cp:dashboard (0 remaining)
2026-03-12T05:33:52.439Z [WS] Connected: 0JdANqs4:_global (1 clients)
2026-03-12T05:33:52.489Z [API] GET /s/0JdANqs4/api/devices
2026-03-12T05:35:10.704Z [API] GET /s/8GouP4cp/api/devices/photo/content
2026-03-12T05:35:19.266Z [WS] Disconnected: 0JdANqs4:_global (0 remaining)
2026-03-12T05:35:20.552Z [WS] Connected: 8GouP4cp:_global (1 clients)
2026-03-12T05:35:20.653Z [API] GET /s/8GouP4cp/api/devices
2026-03-12T05:35:21.000Z [API] GET /s/8GouP4cp/api/devices/tasks/content
2026-03-12T05:35:21.123Z [API] GET /s/8GouP4cp/api/devices/photo/content
2026-03-12T05:35:23.134Z [WS] Connected: 8GouP4cp:photo (1 clients)
2026-03-12T05:35:23.173Z [API] GET /s/8GouP4cp/api/devices/photo/content
2026-03-12T05:35:34.518Z [API] POST /s/8GouP4cp/api/devices/photo/content
2026-03-12T05:35:34.630Z [WS] Broadcast 8GouP4cp:photo: content → 1 clients
2026-03-12T05:35:34.631Z [WS] Broadcast 8GouP4cp:_global: content_updated → 1 clients
2026-03-12T05:35:34.647Z [WS] Disconnected: 8GouP4cp:photo (0 remaining)
2026-03-12T05:35:34.655Z [WS] Connected: 8GouP4cp:photo (1 clients)
2026-03-12T05:35:34.695Z [API] GET /s/8GouP4cp/api/devices/photo/content
2026-03-12T05:35:35.657Z [WS] Connected: 8GouP4cp:photo (2 clients)
2026-03-12T05:37:42.537Z [API] GET /s/8GouP4cp/api/devices
2026-03-12T05:37:50.798Z [API] POST /s/8GouP4cp/api/devices
2026-03-12T05:37:50.926Z [WS] Broadcast 8GouP4cp:_global: device_created → 1 clients
2026-03-12T05:37:50.977Z [API] GET /s/8GouP4cp/api/devices
2026-03-12T05:37:51.021Z [WS] Disconnected: 8GouP4cp:photo (1 remaining)
2026-03-12T05:37:51.032Z [WS] Connected: 8GouP4cp:deploy-plan (1 clients)
2026-03-12T05:37:51.071Z [API] GET /s/8GouP4cp/api/devices/deploy-plan/content
2026-03-12T05:38:18.318Z [API] POST /s/8GouP4cp/api/devices/deploy-plan/content
2026-03-12T05:38:18.437Z [WS] Broadcast 8GouP4cp:deploy-plan: content → 1 clients
2026-03-12T05:38:18.438Z [WS] Broadcast 8GouP4cp:_global: content_updated → 1 clients
2026-03-12T05:38:18.528Z [WS] Disconnected: 8GouP4cp:deploy-plan (0 remaining)
2026-03-12T05:38:18.541Z [WS] Connected: 8GouP4cp:deploy-plan (1 clients)
2026-03-12T05:38:18.587Z [API] GET /s/8GouP4cp/api/devices/deploy-plan/content
2026-03-12T05:38:19.541Z [WS] Connected: 8GouP4cp:deploy-plan (2 clients)
2026-03-12T05:40:10.419Z [WS] Disconnected: 8GouP4cp:deploy-plan (1 remaining)
2026-03-12T05:40:10.426Z [WS] Connected: 8GouP4cp:photo (2 clients)
2026-03-12T05:40:10.469Z [API] GET /s/8GouP4cp/api/devices/photo/content
2026-03-12T05:40:12.479Z [WS] Disconnected: 8GouP4cp:photo (1 remaining)
2026-03-12T05:40:12.484Z [WS] Connected: 8GouP4cp:tasks (1 clients)
2026-03-12T05:40:12.557Z [API] GET /s/8GouP4cp/api/devices/tasks/content
2026-03-12T05:49:58.587Z [WS] Disconnected: 8GouP4cp:tasks (0 remaining)
2026-03-12T05:49:58.639Z [API] GET /s/8GouP4cp/api/devices/tasks/content
2026-03-12T05:49:58.744Z [API] GET /s/8GouP4cp/api/devices/photo/content
2026-03-12T05:49:58.830Z [API] GET /s/8GouP4cp/api/devices/deploy-plan/content
2026-03-12T05:51:11.967Z [WS] Disconnected: 8GouP4cp:deploy-plan (0 remaining)
2026-03-12T05:51:12.042Z [WS] Disconnected: 8GouP4cp:photo (0 remaining)
2026-03-12T05:51:12.149Z [WS] Disconnected: 8GouP4cp:_global (0 remaining)
2026-03-12T05:51:12.383Z [WS] Connected: 8GouP4cp:_global (1 clients)
2026-03-12T05:51:12.499Z [API] GET /s/8GouP4cp/api/devices
2026-03-12T05:51:12.778Z [API] GET /s/8GouP4cp/api/devices/tasks/content
2026-03-12T05:51:12.884Z [API] GET /s/8GouP4cp/api/devices/photo/content
2026-03-12T05:51:12.971Z [API] GET /s/8GouP4cp/api/devices/deploy-plan/content
2026-03-12T05:51:25.138Z [WS] Disconnected: 8GouP4cp:_global (0 remaining)
2026-03-12T06:06:24.585Z [WS] Connected: E7DyXoZP:_global (1 clients)
2026-03-12T06:06:24.877Z [API] GET /s/E7DyXoZP/api/devices
2026-03-12T06:06:38.230Z [WS] Disconnected: E7DyXoZP:_global (0 remaining)
2026-03-12T06:15:47.511Z [WS] Connected: 3oznuBS_:_global (1 clients)
2026-03-12T06:15:47.594Z [API] GET /s/3oznuBS_/api/devices
2026-03-12T06:18:18.693Z [WS] Disconnected: 3oznuBS_:_global (0 remaining)
2026-03-12T06:18:54.553Z [WS] Connected: LU2m_ydS:_global (1 clients)
2026-03-12T06:18:54.659Z [API] GET /s/LU2m_ydS/api/devices
2026-03-12T06:20:12.450Z [WS] Disconnected: LU2m_ydS:_global (0 remaining)
2026-03-12T06:20:12.548Z [WS] Connected: LU2m_ydS:_global (1 clients)
2026-03-12T06:20:12.585Z [API] GET /s/LU2m_ydS/api/devices
2026-03-12T06:20:20.223Z [WS] Disconnected: LU2m_ydS:_global (0 remaining)
2026-03-12T06:20:23.749Z [WS] Connected: UWl95zMU:_global (1 clients)
2026-03-12T06:20:23.806Z [API] GET /s/UWl95zMU/api/devices
2026-03-12T06:20:29.170Z [WS] Disconnected: UWl95zMU:_global (0 remaining)
